<?xml version="1.0" encoding="UTF-8"?>
<testsuite xmlns:xsi="http://www.w3.org/2001/XMLSchema-instance" xsi:noNamespaceSchemaLocation="https://maven.apache.org/surefire/maven-surefire-plugin/xsd/surefire-test-report-3.0.xsd" version="3.0" name="com.example.CurriculumSpringBoot.CurriculumSpringBootApplicationTests" time="31.879" tests="1" errors="0" skipped="0" failures="0">
  <properties>
[...]
</properties>
  <testcase name="contextLoads" classname="com.example.CurriculumSpringBoot.CurriculumSpringBootApplicationTests" time="1.584">
    <system-out><![CDATA[16:13:15.237 [main] INFO org.springframework.test.context.support.AnnotationConfigContextLoaderUtils -- Could not detect default configuration classes for test class [com.example.CurriculumSpringBoot.CurriculumSpringBootApplicationTests]: CurriculumSpringBootApplicationTests does not declare any static, non-private, non-final, nested classes annotated with @Configuration.
16:13:15.537 [main] INFO org.springframework.boot.test.context.SpringBootTestContextBootstrapper -- Found @SpringBootConfiguration com.example.CurriculumSpringBoot.CurriculumSpringBootApplication for test class com.example.CurriculumSpringBoot.CurriculumSpringBootApplicationTests
16:13:16.046 [main] INFO org.springframework.boot.devtools.restart.RestartApplicationListener -- Restart disabled due to context in which it is running
  .   ____          _            __ _ _
 /\\ / ___'_ __ _ _(_)_ __  __ _ \ \ \ \
( ( )\___ | '_ | '_| | '_ \/ _` | \ \ \ \
 \\/  ___)| |_)| | | | | || (_| |  ) ) ) )
  '  |____| .__|_| |_|_| |_\__, | / / / /
 =========|_|==============|___/=/_/_/_/

 :: Spring Boot ::                (v3.3.0)

2024-06-10T16:13:17.235-03:00  INFO 108 --- [           main] e.C.CurriculumSpringBootApplicationTests : Starting CurriculumSpringBootApplicationTests using Java 22.0.1 with PID 108 (started by santo in C:\Users\santo\workspace\Spring Boot\aos-curriculum-springboot)
2024-06-10T16:13:17.246-03:00  INFO 108 --- [           main] e.C.CurriculumSpringBootApplicationTests : No active profile set, falling back to 1 default profile: "default"
2024-06-10T16:13:21.020-03:00  INFO 108 --- [           main] .s.d.r.c.RepositoryConfigurationDelegate : Bootstrapping Spring Data JPA repositories in DEFAULT mode.
2024-06-10T16:13:21.183-03:00  INFO 108 --- [           main] .s.d.r.c.RepositoryConfigurationDelegate : Finished Spring Data repository scanning in 131 ms. Found 4 JPA repository interfaces.
2024-06-10T16:13:23.857-03:00  INFO 108 --- [           main] com.zaxxer.hikari.HikariDataSource       : HikariPool-1 - Starting...
2024-06-10T16:13:26.843-03:00  INFO 108 --- [           main] com.zaxxer.hikari.pool.HikariPool        : HikariPool-1 - Added connection org.postgresql.jdbc.PgConnection@1537e43
2024-06-10T16:13:26.845-03:00  INFO 108 --- [           main] com.zaxxer.hikari.HikariDataSource       : HikariPool-1 - Start completed.
2024-06-10T16:13:27.413-03:00  INFO 108 --- [           main] org.flywaydb.core.FlywayExecutor         : Database: jdbc:postgresql://dpg-cpjk9qf109ks73eno97g-a.oregon-postgres.render.com/curriculum_bd (PostgreSQL 16.3)
2024-06-10T16:13:30.334-03:00  INFO 108 --- [           main] o.f.core.internal.command.DbValidate     : Successfully validated 5 migrations (execution time 00:01.012s)
2024-06-10T16:13:33.020-03:00  INFO 108 --- [           main] o.f.core.internal.command.DbMigrate      : Current version of schema "public": 5
2024-06-10T16:13:33.242-03:00  INFO 108 --- [           main] o.f.core.internal.command.DbMigrate      : Schema "public" is up to date. No migration necessary.
2024-06-10T16:13:35.014-03:00  INFO 108 --- [           main] o.hibernate.jpa.internal.util.LogHelper  : HHH000204: Processing PersistenceUnitInfo [name: default]
2024-06-10T16:13:35.166-03:00  INFO 108 --- [           main] org.hibernate.Version                    : HHH000412: Hibernate ORM core version 6.5.2.Final
2024-06-10T16:13:35.237-03:00  INFO 108 --- [           main] o.h.c.internal.RegionFactoryInitiator    : HHH000026: Second-level cache disabled
2024-06-10T16:13:35.940-03:00  INFO 108 --- [           main] o.s.o.j.p.SpringPersistenceUnitInfo      : No LoadTimeWeaver setup: ignoring JPA class transformer
2024-06-10T16:13:39.423-03:00  INFO 108 --- [           main] o.h.e.t.j.p.i.JtaPlatformInitiator       : HHH000489: No JTA platform available (set 'hibernate.transaction.jta.platform' to enable JTA platform integration)
2024-06-10T16:13:39.435-03:00  INFO 108 --- [           main] j.LocalContainerEntityManagerFactoryBean : Initialized JPA EntityManagerFactory for persistence unit 'default'
2024-06-10T16:13:41.578-03:00  WARN 108 --- [           main] JpaBaseConfiguration$JpaWebConfiguration : spring.jpa.open-in-view is enabled by default. Therefore, database queries may be performed during view rendering. Explicitly configure spring.jpa.open-in-view to disable this warning
2024-06-10T16:13:44.965-03:00  INFO 108 --- [           main] e.C.CurriculumSpringBootApplicationTests : Started CurriculumSpringBootApplicationTests in 28.98 seconds (process running for 33.254)
]]></system-out>
    <system-err><![CDATA[WARNING: A Java agent has been loaded dynamically (C:\Users\santo\.m2\repository\net\bytebuddy\byte-buddy-agent\1.14.16\byte-buddy-agent-1.14.16.jar)
WARNING: If a serviceability tool is in use, please run with -XX:+EnableDynamicAgentLoading to hide this warning
WARNING: If a serviceability tool is not in use, please run with -Djdk.instrument.traceUsage for more information
WARNING: Dynamic loading of agents will be disallowed by default in a future release
]]></system-err>
  </testcase>
</testsuite>